[2021-11-28T13:34:37.605314+00:00] my_logger.INFO: Something interesting happened [] []
[2021-11-28T13:34:40.134365+00:00] my_logger.INFO: Something interesting happened [] []
[2021-11-28T13:36:53.867993+00:00] my_logger.WARNING: Something interesting happened [] []
[2021-11-28T13:37:29.374064+00:00] my_logger.WARNING: Something interesting happened [] []
[2021-11-28T13:37:29.904051+00:00] my_logger.WARNING: Something interesting happened [] []
[2021-11-28T13:37:30.120972+00:00] my_logger.WARNING: Something interesting happened [] []
[2021-11-28T13:37:30.414011+00:00] my_logger.WARNING: Something interesting happened [] []
[2021-11-28T13:38:31.240496+00:00] my_logger.ERROR: Call to undefined method Monolog\Logger::inf() [] []
[2021-11-28T13:38:32.675222+00:00] my_logger.ERROR: Call to undefined method Monolog\Logger::inf() [] []
[2021-11-28T13:38:33.290176+00:00] my_logger.ERROR: Call to undefined method Monolog\Logger::inf() [] []
[2021-11-28T13:38:33.966852+00:00] my_logger.ERROR: Call to undefined method Monolog\Logger::inf() [] []
[2021-11-28T13:38:38.742110+00:00] my_logger.ERROR: Call to undefined method Monolog\Logger::inf() [] []
[2021-11-28T13:38:39.389490+00:00] my_logger.ERROR: Call to undefined method Monolog\Logger::inf() [] []
[2021-11-28T13:38:47.610902+00:00] my_logger.INFO: OK [] []
[2021-11-28T13:39:46.157219+00:00] my_logger.INFO: OK [] []
[2021-11-28T13:50:56.815056+00:00] my_logger.INFO: OK [] []
[2021-11-28T13:50:58.130781+00:00] my_logger.INFO: OK [] []
[2021-11-28T13:51:07.220132+00:00] my_logger.INFO: OK [] []
[2021-11-28T13:51:07.808093+00:00] my_logger.INFO: OK [] []
[2021-11-28T13:51:08.684204+00:00] my_logger.INFO: OK [] []
[2021-11-28T13:51:09.042558+00:00] my_logger.INFO: OK [] []
[2021-11-28T13:56:54.459504+00:00] my_logger.INFO: OK [] []
[2021-11-28T13:56:55.060790+00:00] my_logger.INFO: OK [] []
[2021-11-28T13:59:43.549651+00:00] my_logger.INFO: OK [] []
[2021-11-28T13:59:44.393201+00:00] my_logger.INFO: OK [] []
[2021-11-28T13:59:44.826126+00:00] my_logger.INFO: OK [] []
[2021-11-28T13:59:45.013035+00:00] my_logger.INFO: OK [] []
[2021-11-28T13:59:45.425389+00:00] my_logger.INFO: OK [] []
[2021-11-28T14:17:46.281732+00:00] my_logger.INFO: OK [] []
[2021-11-28T14:17:47.311352+00:00] my_logger.INFO: OK [] []
[2021-11-28T14:22:48.894308+00:00] my_logger.INFO: OK [] []
[2021-11-28T14:23:26.134323+00:00] my_logger.INFO: OK [] []
[2021-11-28T14:24:40.038828+00:00] my_logger.INFO: OK [] []
[2021-11-28T14:24:40.756760+00:00] my_logger.INFO: OK [] []
[2021-11-28T14:24:41.192042+00:00] my_logger.INFO: OK [] []
[2021-11-28T14:24:41.573379+00:00] my_logger.INFO: OK [] []
[2021-11-28T14:25:03.836598+00:00] my_logger.INFO: OK [] []
[2021-11-28T14:25:04.643993+00:00] my_logger.INFO: OK [] []
[2021-11-28T14:26:20.739171+00:00] my_logger.INFO: OK [] []
[2021-11-29T00:33:40.302348+00:00] my_logger.INFO: OK [] []
[2021-11-29T13:12:46.769686+00:00] my_logger.INFO: OK [] []
[2021-11-29T13:12:54.057866+00:00] my_logger.INFO: OK [] []
[2021-11-29T13:12:54.833640+00:00] my_logger.INFO: OK [] []
[2021-11-29T13:12:55.484422+00:00] my_logger.INFO: OK [] []
[2021-11-29T13:54:44.855536+00:00] my_logger.INFO: OK [] []
[2021-11-29T13:54:46.152007+00:00] my_logger.INFO: OK [] []
[2021-11-29T14:02:05.252103+00:00] my_logger.ERROR: SQLSTATE[HY000] [2002] No such file or directory [] []
[2021-11-29T14:02:05.925121+00:00] my_logger.ERROR: SQLSTATE[HY000] [2002] No such file or directory [] []
[2021-11-29T14:02:07.609380+00:00] my_logger.ERROR: SQLSTATE[HY000] [2002] No such file or directory [] []
[2021-11-29T14:02:08.424172+00:00] my_logger.ERROR: SQLSTATE[HY000] [2002] No such file or directory [] []
[2021-11-29T14:02:09.067323+00:00] my_logger.ERROR: SQLSTATE[HY000] [2002] No such file or directory [] []
[2021-11-29T14:02:09.770981+00:00] my_logger.ERROR: SQLSTATE[HY000] [2002] No such file or directory [] []
[2021-11-29T14:02:17.113370+00:00] my_logger.ERROR: SQLSTATE[HY000] [2002] No such file or directory [] []
[2021-11-29T14:02:17.353472+00:00] my_logger.ERROR: SQLSTATE[HY000] [2002] No such file or directory [] []
[2021-11-29T14:04:37.460183+00:00] my_logger.ERROR: SQLSTATE[HY000] [1045] Access denied for user ''@'localhost' (using password: YES) [] []
[2021-11-29T14:04:38.685411+00:00] my_logger.ERROR: SQLSTATE[HY000] [1045] Access denied for user ''@'localhost' (using password: YES) [] []
[2021-11-29T14:05:27.249912+00:00] my_logger.ERROR: SQLSTATE[HY000] [1045] Access denied for user ''@'localhost' (using password: YES) [] []
[2021-11-29T14:05:28.934007+00:00] my_logger.ERROR: SQLSTATE[HY000] [1045] Access denied for user ''@'localhost' (using password: YES) [] []
[2021-11-29T14:09:09.339733+00:00] my_logger.ERROR: SQLSTATE[HY000] [1045] Access denied for user ''@'localhost' (using password: YES) [] []
[2021-11-29T14:09:10.511385+00:00] my_logger.ERROR: SQLSTATE[HY000] [1045] Access denied for user ''@'localhost' (using password: YES) [] []
[2021-11-29T14:09:18.844647+00:00] my_logger.ERROR: SQLSTATE[HY000] [1045] Access denied for user ''@'localhost' (using password: YES) [] []
[2021-11-29T14:09:19.470440+00:00] my_logger.ERROR: SQLSTATE[HY000] [1045] Access denied for user ''@'localhost' (using password: YES) [] []
[2021-11-29T14:09:19.924311+00:00] my_logger.ERROR: SQLSTATE[HY000] [1045] Access denied for user ''@'localhost' (using password: YES) [] []
[2021-11-29T14:09:34.288846+00:00] my_logger.ERROR: SQLSTATE[HY000] [1045] Access denied for user ''@'localhost' (using password: YES) [] []
[2021-11-29T14:09:35.092953+00:00] my_logger.ERROR: SQLSTATE[HY000] [1045] Access denied for user ''@'localhost' (using password: YES) [] []
[2021-11-29T14:12:27.350909+00:00] my_logger.ERROR: SQLSTATE[HY000] [1045] Access denied for user ''@'localhost' (using password: YES) [] []
[2021-11-29T14:12:31.646094+00:00] my_logger.ERROR: SQLSTATE[HY000] [1045] Access denied for user ''@'localhost' (using password: YES) [] []
[2021-11-29T14:12:32.144641+00:00] my_logger.ERROR: SQLSTATE[HY000] [1045] Access denied for user ''@'localhost' (using password: YES) [] []
[2021-11-29T14:12:39.992330+00:00] my_logger.ERROR: SQLSTATE[HY000] [2002] No such file or directory [] []
[2021-11-29T14:13:26.367080+00:00] my_logger.ERROR: SQLSTATE[HY000] [2002] No such file or directory [] []
[2021-11-29T14:13:27.354345+00:00] my_logger.ERROR: SQLSTATE[HY000] [2002] No such file or directory [] []
[2021-11-29T14:13:27.904160+00:00] my_logger.ERROR: SQLSTATE[HY000] [2002] No such file or directory [] []
[2021-11-29T14:13:28.090048+00:00] my_logger.ERROR: SQLSTATE[HY000] [2002] No such file or directory [] []
[2021-11-29T14:13:28.411805+00:00] my_logger.ERROR: SQLSTATE[HY000] [2002] No such file or directory [] []
[2021-11-29T14:14:10.909767+00:00] my_logger.ERROR: SQLSTATE[HY000] [1045] Access denied for user ''@'localhost' (using password: YES) [] []
[2021-11-29T14:14:11.691094+00:00] my_logger.ERROR: SQLSTATE[HY000] [1045] Access denied for user ''@'localhost' (using password: YES) [] []
[2021-11-29T14:14:20.962850+00:00] my_logger.ERROR: SQLSTATE[HY000] [1045] Access denied for user ''@'localhost' (using password: YES) [] []
[2021-11-29T14:14:21.398671+00:00] my_logger.ERROR: SQLSTATE[HY000] [1045] Access denied for user ''@'localhost' (using password: YES) [] []
[2021-11-29T14:14:21.531782+00:00] my_logger.ERROR: SQLSTATE[HY000] [1045] Access denied for user ''@'localhost' (using password: YES) [] []
[2021-11-29T14:14:21.749224+00:00] my_logger.ERROR: SQLSTATE[HY000] [1045] Access denied for user ''@'localhost' (using password: YES) [] []
[2021-11-29T14:16:58.685371+00:00] my_logger.ERROR: SQLSTATE[HY000] [2002] No such file or directory [] []
[2021-11-29T14:33:05.186411+00:00] my_logger.INFO: OK [] []
[2021-11-29T14:43:24.810543+00:00] my_logger.ERROR: SQLSTATE[HY000] [1045] Access denied for user ''@'localhost' (using password: NO) [] []
[2021-11-29T14:43:25.250539+00:00] my_logger.ERROR: SQLSTATE[HY000] [1045] Access denied for user ''@'localhost' (using password: NO) [] []
[2021-11-29T14:43:25.507336+00:00] my_logger.ERROR: SQLSTATE[HY000] [1045] Access denied for user ''@'localhost' (using password: NO) [] []
[2021-11-29T14:43:25.673152+00:00] my_logger.ERROR: SQLSTATE[HY000] [1045] Access denied for user ''@'localhost' (using password: NO) [] []
[2021-11-29T14:43:25.862220+00:00] my_logger.ERROR: SQLSTATE[HY000] [1045] Access denied for user ''@'localhost' (using password: NO) [] []
[2021-11-29T14:43:26.240721+00:00] my_logger.ERROR: SQLSTATE[HY000] [1045] Access denied for user ''@'localhost' (using password: NO) [] []
[2021-11-29T14:48:13.228542+00:00] my_logger.ERROR: SQLSTATE[HY000] [1045] Access denied for user ''@'localhost' (using password: NO) [] []
[2021-11-29T14:48:14.633531+00:00] my_logger.ERROR: SQLSTATE[HY000] [1045] Access denied for user ''@'localhost' (using password: NO) [] []
[2021-11-29T14:48:15.276839+00:00] my_logger.ERROR: SQLSTATE[HY000] [1045] Access denied for user ''@'localhost' (using password: NO) [] []
[2021-11-29T14:48:23.153853+00:00] my_logger.ERROR: SQLSTATE[HY000] [1045] Access denied for user ''@'localhost' (using password: NO) [] []
[2021-11-29T14:48:24.023899+00:00] my_logger.ERROR: SQLSTATE[HY000] [1045] Access denied for user ''@'localhost' (using password: NO) [] []
[2021-11-29T14:48:24.364306+00:00] my_logger.ERROR: SQLSTATE[HY000] [1045] Access denied for user ''@'localhost' (using password: NO) [] []
[2021-11-29T14:48:26.808071+00:00] my_logger.ERROR: SQLSTATE[HY000] [1045] Access denied for user ''@'localhost' (using password: NO) [] []
[2021-11-29T14:48:27.324335+00:00] my_logger.ERROR: SQLSTATE[HY000] [1045] Access denied for user ''@'localhost' (using password: NO) [] []
[2021-11-30T00:09:45.359075+00:00] my_logger.INFO: OK [] []
[2021-11-30T00:09:49.604482+00:00] my_logger.ERROR: SQLSTATE[HY000] [1045] Access denied for user ''@'localhost' (using password: NO) [] []
[2021-11-30T00:09:56.671010+00:00] my_logger.ERROR: SQLSTATE[HY000] [1045] Access denied for user ''@'localhost' (using password: NO) [] []
[2021-11-30T00:10:19.323607+00:00] my_logger.ERROR: SQLSTATE[HY000] [1045] Access denied for user ''@'localhost' (using password: NO) [] []
[2021-11-30T00:10:20.344496+00:00] my_logger.ERROR: SQLSTATE[HY000] [1045] Access denied for user ''@'localhost' (using password: NO) [] []
[2021-11-30T00:10:21.106094+00:00] my_logger.ERROR: SQLSTATE[HY000] [1045] Access denied for user ''@'localhost' (using password: NO) [] []
[2021-11-30T00:13:11.988692+00:00] my_logger.ERROR: SQLSTATE[HY000] [1045] Access denied for user ''@'localhost' (using password: NO) [] []
[2021-11-30T00:13:12.892335+00:00] my_logger.ERROR: SQLSTATE[HY000] [1045] Access denied for user ''@'localhost' (using password: NO) [] []
[2021-11-30T00:13:37.185322+00:00] my_logger.ERROR: SQLSTATE[HY000] [1045] Access denied for user ''@'localhost' (using password: NO) [] []
[2021-11-30T00:14:50.080449+00:00] my_logger.ERROR: SQLSTATE[HY000] [1045] Access denied for user ''@'localhost' (using password: NO) [] []
[2021-11-30T00:15:08.265257+00:00] my_logger.ERROR: SQLSTATE[HY000] [1045] Access denied for user ''@'localhost' (using password: NO) [] []
[2021-11-30T00:15:09.130692+00:00] my_logger.ERROR: SQLSTATE[HY000] [1045] Access denied for user ''@'localhost' (using password: NO) [] []
[2021-11-30T00:15:09.681220+00:00] my_logger.ERROR: SQLSTATE[HY000] [1045] Access denied for user ''@'localhost' (using password: NO) [] []
[2021-11-30T00:16:45.962331+00:00] my_logger.ERROR: SQLSTATE[HY000] [2002] No such file or directory [] []
[2021-11-30T00:16:47.011404+00:00] my_logger.ERROR: SQLSTATE[HY000] [2002] No such file or directory [] []
[2021-11-30T00:16:47.800804+00:00] my_logger.ERROR: SQLSTATE[HY000] [2002] No such file or directory [] []
[2021-11-30T00:16:48.353510+00:00] my_logger.ERROR: SQLSTATE[HY000] [2002] No such file or directory [] []
[2021-11-30T00:16:48.667899+00:00] my_logger.ERROR: SQLSTATE[HY000] [2002] No such file or directory [] []
[2021-11-30T00:17:08.376729+00:00] my_logger.ERROR: SQLSTATE[HY000] [2002] No such file or directory [] []
[2021-11-30T00:17:09.420846+00:00] my_logger.ERROR: SQLSTATE[HY000] [2002] No such file or directory [] []
[2021-11-30T00:17:10.040420+00:00] my_logger.ERROR: SQLSTATE[HY000] [2002] No such file or directory [] []
[2021-11-30T00:17:10.520163+00:00] my_logger.ERROR: SQLSTATE[HY000] [2002] No such file or directory [] []
[2021-11-30T00:17:11.029495+00:00] my_logger.ERROR: SQLSTATE[HY000] [2002] No such file or directory [] []
[2021-11-30T00:17:11.612467+00:00] my_logger.ERROR: SQLSTATE[HY000] [2002] No such file or directory [] []
[2021-11-30T00:21:52.819200+00:00] my_logger.ERROR: SQLSTATE[HY000] [2002] No such file or directory [] []
[2021-11-30T00:21:53.890702+00:00] my_logger.ERROR: SQLSTATE[HY000] [2002] No such file or directory [] []
[2021-11-30T00:21:54.550606+00:00] my_logger.ERROR: SQLSTATE[HY000] [2002] No such file or directory [] []
[2021-11-30T00:21:55.178838+00:00] my_logger.ERROR: SQLSTATE[HY000] [2002] No such file or directory [] []
[2021-11-30T00:21:55.669876+00:00] my_logger.ERROR: SQLSTATE[HY000] [2002] No such file or directory [] []
[2021-11-30T00:22:18.382997+00:00] my_logger.ERROR: SQLSTATE[HY000] [2002] No such file or directory [] []
[2021-11-30T00:23:19.663691+00:00] my_logger.ERROR: SQLSTATE[HY000] [1045] Access denied for user ''@'localhost' (using password: NO) [] []
[2021-11-30T00:23:20.377151+00:00] my_logger.ERROR: SQLSTATE[HY000] [1045] Access denied for user ''@'localhost' (using password: NO) [] []
[2021-11-30T00:23:41.549184+00:00] my_logger.ERROR: invalid data source name [] []
[2021-11-30T00:23:43.980217+00:00] my_logger.ERROR: invalid data source name [] []
[2021-11-30T00:24:01.681294+00:00] my_logger.ERROR: invalid data source name [] []
[2021-11-30T00:24:01.947033+00:00] my_logger.ERROR: invalid data source name [] []
[2021-11-30T00:24:02.314604+00:00] my_logger.ERROR: invalid data source name [] []
[2021-11-30T00:24:08.885028+00:00] my_logger.ERROR: SQLSTATE[HY000] [1045] Access denied for user ''@'localhost' (using password: NO) [] []
[2021-11-30T00:24:31.640885+00:00] my_logger.ERROR: SQLSTATE[HY000] [1045] Access denied for user ''@'localhost' (using password: NO) [] []
[2021-11-30T00:24:32.797065+00:00] my_logger.ERROR: SQLSTATE[HY000] [1045] Access denied for user ''@'localhost' (using password: NO) [] []
[2021-11-30T00:24:33.704159+00:00] my_logger.ERROR: SQLSTATE[HY000] [1045] Access denied for user ''@'localhost' (using password: NO) [] []
[2021-11-30T00:24:39.033871+00:00] my_logger.ERROR: SQLSTATE[HY000] [1045] Access denied for user ''@'localhost' (using password: NO) [] []
[2021-11-30T00:24:53.563121+00:00] my_logger.ERROR: SQLSTATE[HY000] [1045] Access denied for user ''@'localhost' (using password: NO) [] []
[2021-11-30T00:25:17.264714+00:00] my_logger.ERROR: SQLSTATE[HY000] [1045] Access denied for user ''@'localhost' (using password: NO) [] []
[2021-11-30T00:25:18.293762+00:00] my_logger.ERROR: SQLSTATE[HY000] [1045] Access denied for user ''@'localhost' (using password: NO) [] []
[2021-11-30T00:25:19.088555+00:00] my_logger.ERROR: SQLSTATE[HY000] [1045] Access denied for user ''@'localhost' (using password: NO) [] []
[2021-11-30T00:25:19.311658+00:00] my_logger.ERROR: SQLSTATE[HY000] [1045] Access denied for user ''@'localhost' (using password: NO) [] []
[2021-11-30T00:25:19.667143+00:00] my_logger.ERROR: SQLSTATE[HY000] [1045] Access denied for user ''@'localhost' (using password: NO) [] []
[2021-11-30T00:25:19.886015+00:00] my_logger.ERROR: SQLSTATE[HY000] [1045] Access denied for user ''@'localhost' (using password: NO) [] []
[2021-11-30T00:25:48.110569+00:00] my_logger.ERROR: SQLSTATE[HY000] [1045] Access denied for user ''@'localhost' (using password: NO) [] []
[2021-11-30T00:25:48.842894+00:00] my_logger.ERROR: SQLSTATE[HY000] [1045] Access denied for user ''@'localhost' (using password: NO) [] []
[2021-11-30T00:25:49.243559+00:00] my_logger.ERROR: SQLSTATE[HY000] [1045] Access denied for user ''@'localhost' (using password: NO) [] []
[2021-11-30T00:25:50.121623+00:00] my_logger.ERROR: SQLSTATE[HY000] [1045] Access denied for user ''@'localhost' (using password: NO) [] []
[2021-11-30T00:25:50.477042+00:00] my_logger.ERROR: SQLSTATE[HY000] [1045] Access denied for user ''@'localhost' (using password: NO) [] []
[2021-11-30T00:26:07.814296+00:00] my_logger.ERROR: SQLSTATE[HY000] [1045] Access denied for user ''@'localhost' (using password: NO) [] []
[2021-11-30T00:26:23.767951+00:00] my_logger.ERROR: SQLSTATE[HY000] [1045] Access denied for user ''@'localhost' (using password: NO) [] []
[2021-11-30T00:26:24.830920+00:00] my_logger.ERROR: SQLSTATE[HY000] [1045] Access denied for user ''@'localhost' (using password: NO) [] []
[2021-11-30T00:26:34.695310+00:00] my_logger.ERROR: SQLSTATE[HY000] [1045] Access denied for user ''@'localhost' (using password: NO) [] []
[2021-11-30T00:26:35.689199+00:00] my_logger.ERROR: SQLSTATE[HY000] [1045] Access denied for user ''@'localhost' (using password: NO) [] []
[2021-11-30T00:26:35.900331+00:00] my_logger.ERROR: SQLSTATE[HY000] [1045] Access denied for user ''@'localhost' (using password: NO) [] []
[2021-11-30T00:26:38.864077+00:00] my_logger.ERROR: SQLSTATE[HY000] [1045] Access denied for user ''@'localhost' (using password: NO) [] []
[2021-11-30T00:26:39.028806+00:00] my_logger.ERROR: SQLSTATE[HY000] [1045] Access denied for user ''@'localhost' (using password: NO) [] []
[2021-11-30T00:26:39.283552+00:00] my_logger.ERROR: SQLSTATE[HY000] [1045] Access denied for user ''@'localhost' (using password: NO) [] []
[2021-11-30T00:26:43.752737+00:00] my_logger.ERROR: SQLSTATE[HY000] [1045] Access denied for user ''@'localhost' (using password: NO) [] []
[2021-11-30T00:26:50.893388+00:00] my_logger.ERROR: SQLSTATE[HY000] [1045] Access denied for user ''@'localhost' (using password: NO) [] []
[2021-11-30T00:27:02.767923+00:00] my_logger.ERROR: SQLSTATE[HY000] [1045] Access denied for user ''@'localhost' (using password: NO) [] []
[2021-11-30T00:27:13.997681+00:00] my_logger.ERROR: SQLSTATE[HY000] [1045] Access denied for user ''@'localhost' (using password: NO) [] []
[2021-11-30T00:27:24.454290+00:00] my_logger.ERROR: SQLSTATE[HY000] [1045] Access denied for user ''@'localhost' (using password: NO) [] []
[2021-11-30T00:27:24.915011+00:00] my_logger.ERROR: SQLSTATE[HY000] [1045] Access denied for user ''@'localhost' (using password: NO) [] []
[2021-11-30T00:27:48.596661+00:00] my_logger.ERROR: SQLSTATE[HY000] [2002] No such file or directory [] []
[2021-11-30T00:28:21.548309+00:00] my_logger.ERROR: SQLSTATE[HY000] [2002] No such file or directory [] []
[2021-11-30T00:28:22.508506+00:00] my_logger.ERROR: SQLSTATE[HY000] [2002] No such file or directory [] []
[2021-11-30T00:28:23.172967+00:00] my_logger.ERROR: SQLSTATE[HY000] [2002] No such file or directory [] []
[2021-11-30T00:28:24.000404+00:00] my_logger.ERROR: SQLSTATE[HY000] [2002] No such file or directory [] []
[2021-11-30T00:28:27.219441+00:00] my_logger.ERROR: SQLSTATE[HY000] [2002] No such file or directory [] []
[2021-11-30T00:33:06.774245+00:00] my_logger.ERROR: SQLSTATE[HY000] [2002] No such file or directory [] []
[2021-11-30T00:33:42.146834+00:00] my_logger.ERROR: SQLSTATE[HY000] [2002] No such file or directory [] []
[2021-11-30T00:33:43.489320+00:00] my_logger.ERROR: SQLSTATE[HY000] [2002] No such file or directory [] []
[2021-12-01T13:08:22.952839+00:00] my_logger.INFO: OK [] []
[2021-12-01T13:08:26.216045+00:00] my_logger.ERROR: SQLSTATE[HY000] [2002] No such file or directory [] []
[2021-12-01T13:13:20.765446+00:00] my_logger.ERROR: SQLSTATE[HY000] [2002] No such file or directory [] []
[2021-12-01T13:13:21.684875+00:00] my_logger.ERROR: SQLSTATE[HY000] [2002] No such file or directory [] []
[2021-12-01T13:13:46.143123+00:00] my_logger.ERROR: SQLSTATE[HY000] [2002] No such file or directory [] []
[2021-12-01T13:13:46.798720+00:00] my_logger.ERROR: SQLSTATE[HY000] [2002] No such file or directory [] []
[2021-12-01T13:24:00.745458+00:00] my_logger.ERROR: SQLSTATE[HY000] [2002] No such file or directory [] []
[2021-12-01T13:24:01.746975+00:00] my_logger.ERROR: SQLSTATE[HY000] [2002] No such file or directory [] []
[2021-12-01T13:24:02.422106+00:00] my_logger.ERROR: SQLSTATE[HY000] [2002] No such file or directory [] []
[2021-12-01T13:27:06.377456+00:00] my_logger.ERROR: SQLSTATE[HY000] [2002] No such file or directory [] []
[2021-12-01T13:27:07.475551+00:00] my_logger.ERROR: SQLSTATE[HY000] [2002] No such file or directory [] []
[2021-12-01T13:27:40.393524+00:00] my_logger.ERROR: SQLSTATE[HY000] [2002] No such file or directory [] []
[2021-12-01T13:27:41.274023+00:00] my_logger.ERROR: SQLSTATE[HY000] [2002] No such file or directory [] []
[2021-12-01T13:28:13.931063+00:00] my_logger.ERROR: SQLSTATE[HY000] [2002] No such file or directory [] []
[2021-12-01T13:28:14.765868+00:00] my_logger.ERROR: SQLSTATE[HY000] [2002] No such file or directory [] []
[2021-12-01T13:28:15.484069+00:00] my_logger.ERROR: SQLSTATE[HY000] [2002] No such file or directory [] []
[2021-12-01T13:28:16.050456+00:00] my_logger.ERROR: SQLSTATE[HY000] [2002] No such file or directory [] []
[2021-12-01T13:28:16.636800+00:00] my_logger.ERROR: SQLSTATE[HY000] [2002] No such file or directory [] []
[2021-12-01T13:28:17.250113+00:00] my_logger.ERROR: SQLSTATE[HY000] [2002] No such file or directory [] []
[2021-12-01T13:28:17.890965+00:00] my_logger.ERROR: SQLSTATE[HY000] [2002] No such file or directory [] []
[2021-12-01T13:28:18.551051+00:00] my_logger.ERROR: SQLSTATE[HY000] [2002] No such file or directory [] []
[2021-12-01T13:33:10.036872+00:00] my_logger.ERROR: SQLSTATE[HY000] [2002] No such file or directory [] []
[2021-12-01T13:33:10.857715+00:00] my_logger.ERROR: SQLSTATE[HY000] [2002] No such file or directory [] []
[2021-12-01T13:33:11.518072+00:00] my_logger.ERROR: SQLSTATE[HY000] [2002] No such file or directory [] []
[2021-12-01T13:37:45.023850+00:00] my_logger.ERROR: SQLSTATE[HY000] [1045] Access denied for user 'root'@'localhost' (using password: YES) [] []
[2021-12-01T13:37:46.148758+00:00] my_logger.ERROR: SQLSTATE[HY000] [1045] Access denied for user 'root'@'localhost' (using password: YES) [] []
[2021-12-01T14:09:38.803371+00:00] my_logger.ERROR: SQLSTATE[42000]: Syntax error or access violation: 1064 You have an error in your SQL syntax; check the manual that corresponds to your MySQL server version for the right syntax to use near '@nnn.com, 10, )' at line 1 [] []
[2021-12-01T14:10:49.128073+00:00] my_logger.ERROR: SQLSTATE[42000]: Syntax error or access violation: 1064 You have an error in your SQL syntax; check the manual that corresponds to your MySQL server version for the right syntax to use near '@nnn.com, 10, )' at line 1 [] []
[2021-12-01T14:10:56.529369+00:00] my_logger.ERROR: SQLSTATE[42000]: Syntax error or access violation: 1064 You have an error in your SQL syntax; check the manual that corresponds to your MySQL server version for the right syntax to use near '@nnn.com, 10, )' at line 1 [] []
[2021-12-01T14:11:47.931308+00:00] my_logger.ERROR: SQLSTATE[42000]: Syntax error or access violation: 1064 You have an error in your SQL syntax; check the manual that corresponds to your MySQL server version for the right syntax to use near '@nnn.com, 10, )' at line 1 [] []
[2021-12-01T14:11:55.841158+00:00] my_logger.ERROR: SQLSTATE[42000]: Syntax error or access violation: 1064 You have an error in your SQL syntax; check the manual that corresponds to your MySQL server version for the right syntax to use near '@nnn.com, 10, japan)' at line 1 [] []
[2021-12-01T14:11:59.092465+00:00] my_logger.ERROR: SQLSTATE[42000]: Syntax error or access violation: 1064 You have an error in your SQL syntax; check the manual that corresponds to your MySQL server version for the right syntax to use near '@nnn.com, 10, japan)' at line 1 [] []
[2021-12-01T14:12:49.574928+00:00] my_logger.ERROR: SQLSTATE[42000]: Syntax error or access violation: 1064 You have an error in your SQL syntax; check the manual that corresponds to your MySQL server version for the right syntax to use near '@nnn.com, '10', 'japan')' at line 1 [] []
[2021-12-01T14:12:50.646996+00:00] my_logger.ERROR: SQLSTATE[42000]: Syntax error or access violation: 1064 You have an error in your SQL syntax; check the manual that corresponds to your MySQL server version for the right syntax to use near '@nnn.com, '10', 'japan')' at line 1 [] []
[2021-12-02T14:07:17.169091+00:00] my_logger.INFO: OK [] []
[2021-12-02T14:26:04.507839+00:00] my_logger.INFO: OK [] []
[2021-12-05T10:22:06.389637+00:00] my_logger.INFO: OK [] []
[2021-12-05T10:22:10.407098+00:00] my_logger.ERROR: SQLSTATE[HY000] [2002] No such file or directory [] []
[2021-12-05T10:38:49.013775+00:00] my_logger.INFO: OK [] []
[2021-12-05T11:50:24.986934+00:00] my_logger.ERROR: SQLSTATE[42S22]: Column not found: 1054 Unknown column 'y_30' in 'field list' [] []
[2021-12-05T11:50:49.057687+00:00] my_logger.ERROR: SQLSTATE[42S22]: Column not found: 1054 Unknown column 'y_30' in 'field list' [] []
[2021-12-05T11:52:00.950423+00:00] my_logger.ERROR: SQLSTATE[42S22]: Column not found: 1054 Unknown column 'y_30' in 'field list' [] []
[2021-12-05T12:02:07.521104+00:00] my_logger.ERROR: SQLSTATE[42000]: Syntax error or access violation: 1064 You have an error in your SQL syntax; check the manual that corresponds to your MySQL server version for the right syntax to use near ', '')' at line 1 [] []
[2021-12-05T12:03:12.258993+00:00] my_logger.ERROR: SQLSTATE[42000]: Syntax error or access violation: 1064 You have an error in your SQL syntax; check the manual that corresponds to your MySQL server version for the right syntax to use near ', '')' at line 1 [] []
[2021-12-05T12:05:14.970002+00:00] my_logger.ERROR: SQLSTATE[42000]: Syntax error or access violation: 1064 You have an error in your SQL syntax; check the manual that corresponds to your MySQL server version for the right syntax to use near ', '')' at line 1 [] []
[2021-12-05T12:17:19.784451+00:00] my_logger.ERROR: SQLSTATE[23000]: Integrity constraint violation: 1451 Cannot delete or update a parent row: a foreign key constraint fails (`test`.`articles`, CONSTRAINT `fk_user_id` FOREIGN KEY (`user_id`) REFERENCES `users` (`id`) ON DELETE RESTRICT ON UPDATE RESTRICT) [] []
[2021-12-05T12:18:36.676609+00:00] my_logger.ERROR: SQLSTATE[23000]: Integrity constraint violation: 1451 Cannot delete or update a parent row: a foreign key constraint fails (`test`.`articles`, CONSTRAINT `fk_user_id` FOREIGN KEY (`user_id`) REFERENCES `users` (`id`) ON DELETE RESTRICT ON UPDATE RESTRICT) [] []
[2021-12-05T12:19:00.574052+00:00] my_logger.ERROR: SQLSTATE[23000]: Integrity constraint violation: 1451 Cannot delete or update a parent row: a foreign key constraint fails (`test`.`articles`, CONSTRAINT `fk_user_id` FOREIGN KEY (`user_id`) REFERENCES `users` (`id`) ON DELETE RESTRICT ON UPDATE RESTRICT) [] []
[2021-12-05T12:19:02.181308+00:00] my_logger.ERROR: SQLSTATE[23000]: Integrity constraint violation: 1451 Cannot delete or update a parent row: a foreign key constraint fails (`test`.`articles`, CONSTRAINT `fk_user_id` FOREIGN KEY (`user_id`) REFERENCES `users` (`id`) ON DELETE RESTRICT ON UPDATE RESTRICT) [] []
[2021-12-05T12:19:05.786413+00:00] my_logger.ERROR: SQLSTATE[23000]: Integrity constraint violation: 1451 Cannot delete or update a parent row: a foreign key constraint fails (`test`.`articles`, CONSTRAINT `fk_user_id` FOREIGN KEY (`user_id`) REFERENCES `users` (`id`) ON DELETE RESTRICT ON UPDATE RESTRICT) [] []
[2021-12-05T12:19:44.709157+00:00] my_logger.INFO: OK [] []
[2021-12-05T12:19:46.501367+00:00] my_logger.INFO: OK [] []
[2021-12-05T12:26:30.868143+00:00] my_logger.INFO: OK [] []
[2021-12-05T12:27:47.063278+00:00] my_logger.INFO: OK [] []
